<?xml version="1.0" encoding="UTF-8"?>
<testsuite name="mytwtr.AccountSpec" tests="12" skipped="0" failures="0" errors="0" timestamp="2016-02-13T18:55:26" hostname="L-125100-P13" time="3.393">
  <properties/>
  <testcase name="A1. Saving an account with a valid handle, email, password and name will succeed" classname="mytwtr.AccountSpec" time="3.305"/>
  <testcase name="A2. test account creation with required fields missing handle name mising " classname="mytwtr.AccountSpec" time="0.018"/>
  <testcase name="A2. test account creation with required fields missing Account name missing " classname="mytwtr.AccountSpec" time="0.009"/>
  <testcase name="A2. test account creation with required fields missing Password missing " classname="mytwtr.AccountSpec" time="0.007"/>
  <testcase name="A2. test account creation with required fields missing email missing " classname="mytwtr.AccountSpec" time="0.006"/>
  <testcase name="A3. test password all constraints valid pwd " classname="mytwtr.AccountSpec" time="0.006"/>
  <testcase name="A3. test password all constraints has special chars " classname="mytwtr.AccountSpec" time="0.006"/>
  <testcase name="A3. test password all constraints lower case missing " classname="mytwtr.AccountSpec" time="0.007"/>
  <testcase name="A3. test password all constraints upper case missing " classname="mytwtr.AccountSpec" time="0.009"/>
  <testcase name="A3. test password all constraints digit missing " classname="mytwtr.AccountSpec" time="0.006"/>
  <testcase name="A3. test password all constraints less than 8 chars " classname="mytwtr.AccountSpec" time="0.006"/>
  <testcase name="A3. test password all constraints more than 16 chars " classname="mytwtr.AccountSpec" time="0.005"/>
  <system-out><![CDATA[]]></system-out>
  <system-err><![CDATA[]]></system-err>
</testsuite>
