<?xml version="1.0" encoding="UTF-8"?>
<testsuite name="mytwtr.AccountSpec" tests="1" skipped="0" failures="0" errors="0" timestamp="2016-02-09T22:44:52" hostname="L-125100-P13" time="2.546">
  <properties/>
  <testcase name="A1. Saving an account with a valid handle, email, password and name will succeed" classname="mytwtr.AccountSpec" time="2.546"/>
  <system-out><![CDATA[]]></system-out>
  <system-err><![CDATA[]]></system-err>
</testsuite>
