<?xml version="1.0" encoding="UTF-8"?>
<testsuite name="mytwtr.StatusSpec" tests="1" skipped="0" failures="1" errors="0" timestamp="2016-02-09T21:45:57" hostname="L-125100-P13" time="0.235">
  <properties/>
  <testcase name="test something" classname="mytwtr.StatusSpec" time="0.235">
    <failure message="Condition not satisfied:&#10;&#10;true == false&#10;     |&#10;     false&#10;" type="org.spockframework.runtime.SpockComparisonFailure">Condition not satisfied:

true == false
     |
     false

	at mytwtr.StatusSpec.test something(StatusSpec.groovy:20)
</failure>
  </testcase>
  <system-out><![CDATA[]]></system-out>
  <system-err><![CDATA[]]></system-err>
</testsuite>
